logging_wrapper -    ==== 20250216T223911-0500.  ['train3_newdata_csv.py']====

logging_wrapper -    --- Configurations ---
logging_wrapper - name = Indole4D
suffix = 
model_name = enet2s
model_description = EfficientNet V2 s
dataset_name = 033124_all_GP_molecules_4D
dataset_description = 2800 moledules
root_data_dir = ../Data4D
fname_indole = 033124_all_GP_molecules_4D.pickle
fname_act = 033124_all_molecules_GP_activities.csv
result_dir = ../Output/Results
checkpoint_dir = ../Output/Checkpoints
logfile_dir = ../Output/Logs
random_seed = 42
classes = ('Low', 'Hight')
epochs = 10
batch_size = 64
split_ratio = (0.8, 0.2)
workers = 8
lr = 0.001
max_lr = 0.001
pin_memory = True
device = cuda:0
n_gpu = 1
dtype = <class 'torch.cuda.FloatTensor'>
save_model = False

logging_wrapper - 20250216T223913-0500
   --- Dataset Info ---
   images=1528, 382.
logging_wrapper - 20250216T223913-0500:  Epoch 1/10:
logging_wrapper -     epoch train loss = 0.766760. time = 3.0 seconds. lr=0.0008513399516232312
logging_wrapper -     Test loss = 0.687028. time = 0.3 seconds.
logging_wrapper - 20250216T223916-0500:  Epoch 2/10:
logging_wrapper -     epoch train loss = 0.602530. time = 2.8 seconds. lr=0.000724779674783349
logging_wrapper -     Test loss = 0.612216. time = 0.3 seconds.
logging_wrapper - 20250216T223919-0500:  Epoch 3/10:
logging_wrapper -     epoch train loss = 0.524014. time = 2.8 seconds. lr=0.000617033860180527
logging_wrapper -     Test loss = 0.551609. time = 0.3 seconds.
logging_wrapper - 20250216T223922-0500:  Epoch 4/10:
logging_wrapper -     epoch train loss = 0.465577. time = 2.8 seconds. lr=0.000525305571500212
logging_wrapper -     Test loss = 0.510966. time = 0.3 seconds.
logging_wrapper - 20250216T223925-0500:  Epoch 5/10:
logging_wrapper -     epoch train loss = 0.412211. time = 2.8 seconds. lr=0.0004472136206459254
logging_wrapper -     Test loss = 0.496307. time = 0.3 seconds.
logging_wrapper - 20250216T223929-0500:  Epoch 6/10:
logging_wrapper -     epoch train loss = 0.372108. time = 2.8 seconds. lr=0.000380730809411034
logging_wrapper -     Test loss = 0.457309. time = 0.3 seconds.
logging_wrapper - 20250216T223932-0500:  Epoch 7/10:
logging_wrapper -     epoch train loss = 0.330919. time = 2.8 seconds. lr=0.0003241313388571143
logging_wrapper -     Test loss = 0.474269. time = 0.3 seconds.
logging_wrapper - 20250216T223935-0500:  Epoch 8/10:
logging_wrapper -     epoch train loss = 0.301210. time = 2.8 seconds. lr=0.0002759459603112191
logging_wrapper -     Test loss = 0.473062. time = 0.3 seconds.
logging_wrapper - 20250216T223938-0500:  Epoch 9/10:
logging_wrapper -     epoch train loss = 0.257211. time = 2.8 seconds. lr=0.00023492382024414837
logging_wrapper -     Test loss = 0.474551. time = 0.3 seconds.
logging_wrapper - 20250216T223941-0500:  Epoch 10/10:
logging_wrapper -     epoch train loss = 0.234586. time = 2.8 seconds. lr=0.0002000000240514055
logging_wrapper -     Test loss = 0.489795. time = 0.3 seconds.
