logging_wrapper -    ==== 20250331T135006-0400.  ['train_VS_033025.py']====

logging_wrapper -    --- Configurations ---
logging_wrapper - name = Indole4D
suffix = 
model_name = enet2s
model_description = EfficientNet V2 s
dataset_name = 033124_all_GP_molecules_4D
dataset_description = 2800 moledules
root_data_dir = ../Data4D
fname_indole = 033124_all_GP_molecules_4D.pickle
fname_act = 033124_all_molecules_GP_activities.csv
result_dir = ../Output/Results
checkpoint_dir = ../Output/Checkpoints
logfile_dir = ../Output/Logs
random_seed = 42
classes = ('Low', 'Hight')
epochs = 10
batch_size = 64
split_ratio = (0.8, 0.2)
workers = 8
lr = 0.001
max_lr = 0.001
pin_memory = True
device = cuda:0
n_gpu = 1
dtype = <class 'torch.cuda.FloatTensor'>
save_model = False

logging_wrapper - 20250331T135008-0400
   --- Dataset Info ---
   images=1528, 382.
logging_wrapper - 20250331T135008-0400:  Epoch 1/10:
logging_wrapper -     epoch train loss = 0.683134. time = 3.2 seconds. lr=0.0008513399516232312
logging_wrapper - test thing
logging_wrapper -     Test loss = 0.661243. time = 0.4 seconds.
logging_wrapper - ['accuracy_score: 0.7408376963350786', 'f1_score: 0.841091492776886', 'roc_auc_score: 0.5978915662650602']
logging_wrapper - 20250331T135011-0400:  Epoch 2/10:
logging_wrapper -     epoch train loss = 0.575958. time = 3.0 seconds. lr=0.000724779674783349
logging_wrapper - test thing
logging_wrapper -     Test loss = 0.586175. time = 0.3 seconds.
logging_wrapper - ['accuracy_score: 0.756544502617801', 'f1_score: 0.8492706645056726', 'roc_auc_score: 0.7104819277108434']
logging_wrapper - 20250331T135014-0400:  Epoch 3/10:
logging_wrapper -     epoch train loss = 0.501489. time = 3.0 seconds. lr=0.000617033860180527
logging_wrapper - test thing
logging_wrapper -     Test loss = 0.518181. time = 0.4 seconds.
logging_wrapper - ['accuracy_score: 0.7774869109947644', 'f1_score: 0.8648648648648649', 'roc_auc_score: 0.6569879518072289']
logging_wrapper - 20250331T135018-0400:  Epoch 4/10:
logging_wrapper -     epoch train loss = 0.451547. time = 3.0 seconds. lr=0.000525305571500212
logging_wrapper - test thing
logging_wrapper -     Test loss = 0.509217. time = 0.3 seconds.
logging_wrapper - ['accuracy_score: 0.774869109947644', 'f1_score: 0.8621794871794872', 'roc_auc_score: 0.7172289156626506']
logging_wrapper - 20250331T135021-0400:  Epoch 5/10:
logging_wrapper -     epoch train loss = 0.401081. time = 3.0 seconds. lr=0.0004472136206459254
logging_wrapper - test thing
logging_wrapper -     Test loss = 0.469272. time = 0.4 seconds.
logging_wrapper - ['accuracy_score: 0.8141361256544503', 'f1_score: 0.8902627511591963', 'roc_auc_score: 0.7468072289156626']
logging_wrapper - 20250331T135024-0400:  Epoch 6/10:
logging_wrapper -     epoch train loss = 0.366274. time = 3.0 seconds. lr=0.000380730809411034
logging_wrapper - test thing
logging_wrapper -     Test loss = 0.466490. time = 0.3 seconds.
logging_wrapper - ['accuracy_score: 0.8219895287958116', 'f1_score: 0.8944099378881988', 'roc_auc_score: 0.7444578313253012']
logging_wrapper - 20250331T135028-0400:  Epoch 7/10:
logging_wrapper -     epoch train loss = 0.335126. time = 3.0 seconds. lr=0.0003241313388571143
logging_wrapper - test thing
logging_wrapper -     Test loss = 0.455007. time = 0.3 seconds.
logging_wrapper - ['accuracy_score: 0.806282722513089', 'f1_score: 0.8832807570977917', 'roc_auc_score: 0.7703012048192771']
logging_wrapper - 20250331T135031-0400:  Epoch 8/10:
logging_wrapper -     epoch train loss = 0.293715. time = 3.0 seconds. lr=0.0002759459603112191
logging_wrapper - test thing
logging_wrapper -     Test loss = 0.456377. time = 0.4 seconds.
logging_wrapper - ['accuracy_score: 0.8036649214659686', 'f1_score: 0.8807631160572337', 'roc_auc_score: 0.7693975903614456']
logging_wrapper - 20250331T135034-0400:  Epoch 9/10:
logging_wrapper -     epoch train loss = 0.272167. time = 3.0 seconds. lr=0.00023492382024414837
logging_wrapper - test thing
logging_wrapper -     Test loss = 0.451244. time = 0.4 seconds.
logging_wrapper - ['accuracy_score: 0.8167539267015707', 'f1_score: 0.8888888888888888', 'roc_auc_score: 0.7969879518072289']
logging_wrapper - 20250331T135038-0400:  Epoch 10/10:
logging_wrapper -     epoch train loss = 0.247575. time = 3.0 seconds. lr=0.0002000000240514055
logging_wrapper - test thing
logging_wrapper -     Test loss = 0.482756. time = 0.3 seconds.
logging_wrapper - ['accuracy_score: 0.819371727748691', 'f1_score: 0.8909952606635071', 'roc_auc_score: 0.7547590361445784']
