logging_wrapper -    ==== 20250331T134314-0400.  ['train_VS_033025.py']====

logging_wrapper -    --- Configurations ---
logging_wrapper - name = Indole4D
suffix = 
model_name = enet2s
model_description = EfficientNet V2 s
dataset_name = 033124_all_GP_molecules_4D
dataset_description = 2800 moledules
root_data_dir = ../Data4D
fname_indole = 033124_all_GP_molecules_4D.pickle
fname_act = 033124_all_molecules_GP_activities.csv
result_dir = ../Output/Results
checkpoint_dir = ../Output/Checkpoints
logfile_dir = ../Output/Logs
random_seed = 42
classes = ('Low', 'Hight')
epochs = 10
batch_size = 64
split_ratio = (0.8, 0.2)
workers = 8
lr = 0.001
max_lr = 0.001
pin_memory = True
device = cuda:0
n_gpu = 1
dtype = <class 'torch.cuda.FloatTensor'>
save_model = False

logging_wrapper - 20250331T134315-0400
   --- Dataset Info ---
   images=1528, 382.
logging_wrapper - 20250331T134315-0400:  Epoch 1/10:
logging_wrapper -     epoch train loss = 0.748317. time = 3.1 seconds. lr=0.0008513399516232312
logging_wrapper - test thing
logging_wrapper -     Test loss = 0.651685. time = 0.3 seconds.
logging_wrapper - 20250331T134319-0400:  Epoch 2/10:
logging_wrapper -     epoch train loss = 0.590392. time = 2.9 seconds. lr=0.000724779674783349
logging_wrapper - test thing
logging_wrapper -     Test loss = 0.566478. time = 0.3 seconds.
logging_wrapper - 20250331T134322-0400:  Epoch 3/10:
logging_wrapper -     epoch train loss = 0.506800. time = 2.9 seconds. lr=0.000617033860180527
logging_wrapper - test thing
logging_wrapper -     Test loss = 0.529902. time = 0.3 seconds.
logging_wrapper - 20250331T134325-0400:  Epoch 4/10:
logging_wrapper -     epoch train loss = 0.452805. time = 2.9 seconds. lr=0.000525305571500212
logging_wrapper - test thing
logging_wrapper -     Test loss = 0.504434. time = 0.4 seconds.
logging_wrapper - 20250331T134328-0400:  Epoch 5/10:
logging_wrapper -     epoch train loss = 0.408695. time = 2.9 seconds. lr=0.0004472136206459254
logging_wrapper - test thing
logging_wrapper -     Test loss = 0.488026. time = 0.3 seconds.
logging_wrapper - 20250331T134332-0400:  Epoch 6/10:
logging_wrapper -     epoch train loss = 0.371462. time = 2.9 seconds. lr=0.000380730809411034
logging_wrapper - test thing
logging_wrapper -     Test loss = 0.462252. time = 0.4 seconds.
logging_wrapper - 20250331T134335-0400:  Epoch 7/10:
logging_wrapper -     epoch train loss = 0.325134. time = 2.9 seconds. lr=0.0003241313388571143
logging_wrapper - test thing
logging_wrapper -     Test loss = 0.454598. time = 0.3 seconds.
logging_wrapper - 20250331T134338-0400:  Epoch 8/10:
logging_wrapper -     epoch train loss = 0.302722. time = 2.9 seconds. lr=0.0002759459603112191
logging_wrapper - test thing
logging_wrapper -     Test loss = 0.469086. time = 0.3 seconds.
logging_wrapper - 20250331T134342-0400:  Epoch 9/10:
logging_wrapper -     epoch train loss = 0.269645. time = 2.9 seconds. lr=0.00023492382024414837
logging_wrapper - test thing
logging_wrapper -     Test loss = 0.457165. time = 0.3 seconds.
logging_wrapper - 20250331T134345-0400:  Epoch 10/10:
logging_wrapper -     epoch train loss = 0.247508. time = 2.9 seconds. lr=0.0002000000240514055
logging_wrapper - test thing
logging_wrapper -     Test loss = 0.449343. time = 0.3 seconds.
