logging_wrapper -    ==== 20250330T184148-0400.  ['train_VS_033025.py']====

logging_wrapper -    --- Configurations ---
logging_wrapper - name = Indole4D
suffix = 
model_name = enet2s
model_description = EfficientNet V2 s
dataset_name = 033124_all_GP_molecules_4D
dataset_description = 2800 moledules
root_data_dir = ../Data4D
fname_indole = 033124_all_GP_molecules_4D.pickle
fname_act = 033124_all_molecules_GP_activities.csv
result_dir = ../Output/Results
checkpoint_dir = ../Output/Checkpoints
logfile_dir = ../Output/Logs
random_seed = 42
classes = ('Low', 'Hight')
epochs = 10
batch_size = 64
split_ratio = (0.8, 0.2)
workers = 8
lr = 0.001
max_lr = 0.001
pin_memory = True
device = cuda:0
n_gpu = 1
dtype = <class 'torch.cuda.FloatTensor'>
save_model = False

logging_wrapper - 20250330T184149-0400
   --- Dataset Info ---
   images=1528, 382.
logging_wrapper - 20250330T184149-0400:  Epoch 1/10:
logging_wrapper -     epoch train loss = 0.702965. time = 3.1 seconds. lr=0.0008513399516232312
logging_wrapper - test thing
logging_wrapper -     Test loss = 0.652839. time = 0.4 seconds.
logging_wrapper - 20250330T184153-0400:  Epoch 2/10:
logging_wrapper -     epoch train loss = 0.572889. time = 3.0 seconds. lr=0.000724779674783349
logging_wrapper - test thing
logging_wrapper -     Test loss = 0.582293. time = 0.3 seconds.
logging_wrapper - 20250330T184156-0400:  Epoch 3/10:
logging_wrapper -     epoch train loss = 0.494361. time = 3.0 seconds. lr=0.000617033860180527
logging_wrapper - test thing
logging_wrapper -     Test loss = 0.524368. time = 0.3 seconds.
logging_wrapper - 20250330T184159-0400:  Epoch 4/10:
logging_wrapper -     epoch train loss = 0.443028. time = 3.0 seconds. lr=0.000525305571500212
logging_wrapper - test thing
logging_wrapper -     Test loss = 0.494176. time = 0.3 seconds.
logging_wrapper - 20250330T184203-0400:  Epoch 5/10:
logging_wrapper -     epoch train loss = 0.395978. time = 3.0 seconds. lr=0.0004472136206459254
logging_wrapper - test thing
logging_wrapper -     Test loss = 0.480118. time = 0.3 seconds.
logging_wrapper - 20250330T184206-0400:  Epoch 6/10:
logging_wrapper -     epoch train loss = 0.365315. time = 3.0 seconds. lr=0.000380730809411034
logging_wrapper - test thing
logging_wrapper -     Test loss = 0.464995. time = 0.3 seconds.
logging_wrapper - 20250330T184209-0400:  Epoch 7/10:
logging_wrapper -     epoch train loss = 0.334387. time = 3.0 seconds. lr=0.0003241313388571143
logging_wrapper - test thing
logging_wrapper -     Test loss = 0.452251. time = 0.3 seconds.
logging_wrapper - 20250330T184213-0400:  Epoch 8/10:
logging_wrapper -     epoch train loss = 0.299765. time = 3.0 seconds. lr=0.0002759459603112191
logging_wrapper - test thing
logging_wrapper -     Test loss = 0.440642. time = 0.3 seconds.
logging_wrapper - 20250330T184216-0400:  Epoch 9/10:
logging_wrapper -     epoch train loss = 0.271202. time = 3.0 seconds. lr=0.00023492382024414837
logging_wrapper - test thing
logging_wrapper -     Test loss = 0.447230. time = 0.3 seconds.
logging_wrapper - 20250330T184219-0400:  Epoch 10/10:
logging_wrapper -     epoch train loss = 0.245215. time = 3.0 seconds. lr=0.0002000000240514055
logging_wrapper - test thing
logging_wrapper -     Test loss = 0.430196. time = 0.3 seconds.
