logging_wrapper -    ==== 20250330T203738-0400.  ['train_VS_033025.py']====

logging_wrapper -    --- Configurations ---
logging_wrapper - name = Indole4D
suffix = 
model_name = enet2s
model_description = EfficientNet V2 s
dataset_name = 033124_all_GP_molecules_4D
dataset_description = 2800 moledules
root_data_dir = ../Data4D
fname_indole = 033124_all_GP_molecules_4D.pickle
fname_act = 033124_all_molecules_GP_activities.csv
result_dir = ../Output/Results
checkpoint_dir = ../Output/Checkpoints
logfile_dir = ../Output/Logs
random_seed = 42
classes = ('Low', 'Hight')
epochs = 10
batch_size = 64
split_ratio = (0.8, 0.2)
workers = 8
lr = 0.001
max_lr = 0.001
pin_memory = True
device = cuda:0
n_gpu = 1
dtype = <class 'torch.cuda.FloatTensor'>
save_model = False

logging_wrapper - 20250330T203739-0400
   --- Dataset Info ---
   images=1528, 382.
logging_wrapper - 20250330T203739-0400:  Epoch 1/10:
logging_wrapper -     epoch train loss = 0.735167. time = 3.1 seconds. lr=0.0008513399516232312
logging_wrapper - test thing
logging_wrapper -     Test loss = 0.630182. time = 0.3 seconds.
logging_wrapper - 20250330T203742-0400:  Epoch 2/10:
logging_wrapper -     epoch train loss = 0.588497. time = 3.0 seconds. lr=0.000724779674783349
logging_wrapper - test thing
logging_wrapper -     Test loss = 0.570610. time = 0.3 seconds.
logging_wrapper - 20250330T203746-0400:  Epoch 3/10:
logging_wrapper -     epoch train loss = 0.511910. time = 3.0 seconds. lr=0.000617033860180527
logging_wrapper - test thing
logging_wrapper -     Test loss = 0.545743. time = 0.3 seconds.
logging_wrapper - 20250330T203749-0400:  Epoch 4/10:
logging_wrapper -     epoch train loss = 0.466484. time = 2.9 seconds. lr=0.000525305571500212
logging_wrapper - test thing
logging_wrapper -     Test loss = 0.490878. time = 0.3 seconds.
logging_wrapper - 20250330T203752-0400:  Epoch 5/10:
logging_wrapper -     epoch train loss = 0.426709. time = 2.9 seconds. lr=0.0004472136206459254
logging_wrapper - test thing
logging_wrapper -     Test loss = 0.484739. time = 0.3 seconds.
logging_wrapper - 20250330T203756-0400:  Epoch 6/10:
logging_wrapper -     epoch train loss = 0.396999. time = 2.9 seconds. lr=0.000380730809411034
logging_wrapper - test thing
logging_wrapper -     Test loss = 0.494488. time = 0.3 seconds.
logging_wrapper - 20250330T203759-0400:  Epoch 7/10:
logging_wrapper -     epoch train loss = 0.365505. time = 3.0 seconds. lr=0.0003241313388571143
logging_wrapper - test thing
logging_wrapper -     Test loss = 0.474549. time = 0.3 seconds.
logging_wrapper - 20250330T203802-0400:  Epoch 8/10:
logging_wrapper -     epoch train loss = 0.331990. time = 2.9 seconds. lr=0.0002759459603112191
logging_wrapper - test thing
logging_wrapper -     Test loss = 0.450625. time = 0.3 seconds.
logging_wrapper - 20250330T203805-0400:  Epoch 9/10:
logging_wrapper -     epoch train loss = 0.300104. time = 3.0 seconds. lr=0.00023492382024414837
logging_wrapper - test thing
logging_wrapper -     Test loss = 0.456580. time = 0.3 seconds.
logging_wrapper - 20250330T203809-0400:  Epoch 10/10:
logging_wrapper -     epoch train loss = 0.281174. time = 3.0 seconds. lr=0.0002000000240514055
logging_wrapper - test thing
logging_wrapper -     Test loss = 0.445934. time = 0.3 seconds.
